[KMEANS] Start kmeans on ../../ember/Xtrain.dat datafile [K = 2, dim = 2351, nbVec = 900000]
[CENTROIDS] mean distance from centroid #0 to all other vectors: 1301550613.471559
[CENTROIDS] mean distance from centroid #1 to all other vectors: 1301550496.654867
[CENTROIDS] distance between centroid #0 and #1: 189312.152336
[KMEANS] structure initialisation done in 2.902695 sec
Iteration: 0. done classification in 1.446578. Marked 7494.000000 vectors
Iteration: 0. done mean card computation in 0.000015
[KMEANS] Iteration: 0, Time: 1.446594, error improvement: inf, distance computed 1758759.000000 times
Iteration: 1. done classification in 1.440217. Marked 5.000000 vectors
Iteration: 1. done mean card computation in 0.000014
[KMEANS] Iteration: 1, Time: 1.440232, error improvement: 5.721506, distance computed 1744988.000000 times
Iteration: 2. done classification in 1.441306. Marked 0.000000 vectors
Iteration: 2. done mean card computation in 0.000049
[KMEANS] Iteration: 2, Time: 1.441356, error improvement: 1.745308, distance computed 1746065.000000 times
Iteration: 3. done classification in 1.440224. Marked 0.000000 vectors
Iteration: 3. done mean card computation in 0.000015
[KMEANS] Iteration: 3, Time: 1.440240, error improvement: 0.000000, distance computed 1746013.000000 times
[KMEANS] completed in 8.671580 sec
outputted 582812.000000 vectors in cluster #0
outputted 317188.000000 vectors in cluster #1
