[KMEANS] Start kmeans on ../ember/Xtrain.dat datafile [K = 3, dim = 2351, nbVec = 900000]
[KMEANS] structure initialisation done in 0.829322 sec
Iteration: 0. done classification in 2.209804. Marked 114096.000000 vectors
Iteration: 0. done mean card computation in 0.948792
[KMEANS] Iteration: 0, Time: 3.158602, error_diff: inf, distance computed 2630961.000000 times
Iteration: 1. done classification in 1.903102. Marked 85052.000000 vectors
Iteration: 1. done mean card computation in 0.916122
[KMEANS] Iteration: 1, Time: 2.819231, error_diff: 12713844.000000, distance computed 2298866.000000 times
Iteration: 2. done classification in 1.692429. Marked 53518.000000 vectors
Iteration: 2. done mean card computation in 0.914894
[KMEANS] Iteration: 2, Time: 2.607330, error_diff: 15698977.000000, distance computed 2048849.000000 times
Iteration: 3. done classification in 1.558662. Marked 44585.000000 vectors
Iteration: 3. done mean card computation in 0.912591
[KMEANS] Iteration: 3, Time: 2.471259, error_diff: 1192855.750000, distance computed 1890954.000000 times
Iteration: 4. done classification in 1.466218. Marked 40349.000000 vectors
Iteration: 4. done mean card computation in 0.912050
[KMEANS] Iteration: 4, Time: 2.378274, error_diff: 248093.062500, distance computed 1760276.000000 times
Iteration: 5. done classification in 1.360548. Marked 36185.000000 vectors
Iteration: 5. done mean card computation in 0.912368
[KMEANS] Iteration: 5, Time: 2.272923, error_diff: 33269.003906, distance computed 1641498.000000 times
Iteration: 6. done classification in 1.278026. Marked 33683.000000 vectors
Iteration: 6. done mean card computation in 0.911367
[KMEANS] Iteration: 6, Time: 2.189399, error_diff: 13666.752930, distance computed 1534622.000000 times
Iteration: 7. done classification in 1.211638. Marked 29915.000000 vectors
Iteration: 7. done mean card computation in 0.910196
[KMEANS] Iteration: 7, Time: 2.121839, error_diff: 2597.514404, distance computed 1435398.000000 times
[KMEANS] completed in 20.848659 sec
